2020-12-29 23:01:05.936  INFO 67660 --- [main] com.inet.InetApplicationTests            : Starting InetApplicationTests using Java 15.0.1 on huchengyedeMBP.lan with PID 67660 (started by huchengye in /Volumes/1/JAVA/spring-boot-inet-scratch-intact)
2020-12-29 23:01:05.962 DEBUG 67660 --- [main] com.inet.InetApplicationTests            : Running with Spring Boot v2.4.0, Spring v5.3.1
2020-12-29 23:01:05.971  INFO 67660 --- [main] com.inet.InetApplicationTests            : No active profile set, falling back to default profiles: default
2020-12-29 23:01:13.306  WARN 67660 --- [main] d.s.r.o.OperationImplicitParameterReader : Unable to interpret the implicit parameter configuration with dataType: String, dataTypeClass: class java.lang.Void
2020-12-29 23:01:13.352  WARN 67660 --- [main] d.s.r.o.OperationImplicitParameterReader : Unable to interpret the implicit parameter configuration with dataType: String, dataTypeClass: class java.lang.Void
2020-12-29 23:01:13.368  WARN 67660 --- [main] d.s.r.o.OperationImplicitParameterReader : Unable to interpret the implicit parameter configuration with dataType: String, dataTypeClass: class java.lang.Void
2020-12-29 23:01:13.377  WARN 67660 --- [main] d.s.r.o.OperationImplicitParameterReader : Unable to interpret the implicit parameter configuration with dataType: String, dataTypeClass: class java.lang.Void
2020-12-29 23:01:13.378  WARN 67660 --- [main] d.s.r.o.OperationImplicitParameterReader : Unable to interpret the implicit parameter configuration with dataType: String, dataTypeClass: class java.lang.Void
2020-12-29 23:01:13.386  WARN 67660 --- [main] d.s.r.o.OperationImplicitParameterReader : Unable to interpret the implicit parameter configuration with dataType: Integer, dataTypeClass: class java.lang.Void
2020-12-29 23:01:13.387  WARN 67660 --- [main] d.s.r.o.OperationImplicitParameterReader : Unable to interpret the implicit parameter configuration with dataType: Boolean, dataTypeClass: class java.lang.Void
2020-12-29 23:01:13.388  WARN 67660 --- [main] d.s.r.o.OperationImplicitParameterReader : Unable to interpret the implicit parameter configuration with dataType: Integer, dataTypeClass: class java.lang.Void
2020-12-29 23:01:13.538  WARN 67660 --- [main] d.s.r.o.OperationImplicitParameterReader : Unable to interpret the implicit parameter configuration with dataType: String, dataTypeClass: class java.lang.Void
2020-12-29 23:01:13.708  WARN 67660 --- [main] d.s.r.o.OperationImplicitParameterReader : Unable to interpret the implicit parameter configuration with dataType: String, dataTypeClass: class java.lang.Void
2020-12-29 23:01:13.714  WARN 67660 --- [main] d.s.r.o.OperationImplicitParameterReader : Unable to interpret the implicit parameter configuration with dataType: String, dataTypeClass: class java.lang.Void
2020-12-29 23:01:13.718  WARN 67660 --- [main] d.s.r.o.OperationImplicitParameterReader : Unable to interpret the implicit parameter configuration with dataType: String, dataTypeClass: class java.lang.Void
2020-12-29 23:01:13.741  WARN 67660 --- [main] d.s.r.o.OperationImplicitParameterReader : Unable to interpret the implicit parameter configuration with dataType: String, dataTypeClass: class java.lang.Void
2020-12-29 23:01:13.868  INFO 67660 --- [main] com.inet.InetApplicationTests            : Started InetApplicationTests in 8.537 seconds (JVM running for 11.652)
2020-12-29 23:01:15.365 DEBUG 67660 --- [main] c.i.c.m.ProductionMapper.getUserPage     : ==>  Preparing: SELECT production.production_uuid AS id, production.production_cover AS cover, production.production_url AS url, production.production_name AS names, (SELECT COUNT(*) FROM tbl_assist AS assist WHERE assist.assist_production_id = production_uuid) AS likeTotal FROM tbl_production AS production LEFT JOIN tbl_user AS users ON production.production_user_email = users.user_email WHERE users.user_email = ? ORDER BY production.gmt_create DESC LIMIT ?,?;
2020-12-29 23:01:15.410 DEBUG 67660 --- [main] c.i.c.m.ProductionMapper.getUserPage     : ==> Parameters: 1945489676@qq.com(String), 1(Integer), 5(Integer)
2020-12-29 23:01:15.461 DEBUG 67660 --- [main] c.i.c.m.ProductionMapper.getUserPage     : <==      Total: 5
2020-12-29 23:02:46.870  INFO 67680 --- [main] com.inet.InetApplicationTests            : Starting InetApplicationTests using Java 15.0.1 on huchengyedeMBP.lan with PID 67680 (started by huchengye in /Volumes/1/JAVA/spring-boot-inet-scratch-intact)
2020-12-29 23:02:46.871 DEBUG 67680 --- [main] com.inet.InetApplicationTests            : Running with Spring Boot v2.4.0, Spring v5.3.1
2020-12-29 23:02:46.874  INFO 67680 --- [main] com.inet.InetApplicationTests            : No active profile set, falling back to default profiles: default
2020-12-29 23:02:53.853  WARN 67680 --- [main] d.s.r.o.OperationImplicitParameterReader : Unable to interpret the implicit parameter configuration with dataType: String, dataTypeClass: class java.lang.Void
2020-12-29 23:02:53.899  WARN 67680 --- [main] d.s.r.o.OperationImplicitParameterReader : Unable to interpret the implicit parameter configuration with dataType: String, dataTypeClass: class java.lang.Void
2020-12-29 23:02:53.917  WARN 67680 --- [main] d.s.r.o.OperationImplicitParameterReader : Unable to interpret the implicit parameter configuration with dataType: String, dataTypeClass: class java.lang.Void
2020-12-29 23:02:53.926  WARN 67680 --- [main] d.s.r.o.OperationImplicitParameterReader : Unable to interpret the implicit parameter configuration with dataType: String, dataTypeClass: class java.lang.Void
2020-12-29 23:02:53.927  WARN 67680 --- [main] d.s.r.o.OperationImplicitParameterReader : Unable to interpret the implicit parameter configuration with dataType: String, dataTypeClass: class java.lang.Void
2020-12-29 23:02:53.938  WARN 67680 --- [main] d.s.r.o.OperationImplicitParameterReader : Unable to interpret the implicit parameter configuration with dataType: Integer, dataTypeClass: class java.lang.Void
2020-12-29 23:02:53.939  WARN 67680 --- [main] d.s.r.o.OperationImplicitParameterReader : Unable to interpret the implicit parameter configuration with dataType: Boolean, dataTypeClass: class java.lang.Void
2020-12-29 23:02:53.940  WARN 67680 --- [main] d.s.r.o.OperationImplicitParameterReader : Unable to interpret the implicit parameter configuration with dataType: Integer, dataTypeClass: class java.lang.Void
2020-12-29 23:02:54.141  WARN 67680 --- [main] d.s.r.o.OperationImplicitParameterReader : Unable to interpret the implicit parameter configuration with dataType: String, dataTypeClass: class java.lang.Void
2020-12-29 23:02:54.292  WARN 67680 --- [main] d.s.r.o.OperationImplicitParameterReader : Unable to interpret the implicit parameter configuration with dataType: String, dataTypeClass: class java.lang.Void
2020-12-29 23:02:54.298  WARN 67680 --- [main] d.s.r.o.OperationImplicitParameterReader : Unable to interpret the implicit parameter configuration with dataType: String, dataTypeClass: class java.lang.Void
2020-12-29 23:02:54.305  WARN 67680 --- [main] d.s.r.o.OperationImplicitParameterReader : Unable to interpret the implicit parameter configuration with dataType: String, dataTypeClass: class java.lang.Void
2020-12-29 23:02:54.332  WARN 67680 --- [main] d.s.r.o.OperationImplicitParameterReader : Unable to interpret the implicit parameter configuration with dataType: String, dataTypeClass: class java.lang.Void
2020-12-29 23:02:54.482  INFO 67680 --- [main] com.inet.InetApplicationTests            : Started InetApplicationTests in 8.444 seconds (JVM running for 10.97)
2020-12-29 23:02:55.860 DEBUG 67680 --- [main] c.i.c.m.ProductionMapper.getUserPage     : ==>  Preparing: SELECT production.production_uuid AS productionUuid, production.production_cover AS productionCover, production.production_url AS productionUrl, production.production_name AS productionName, (SELECT COUNT(*) FROM tbl_assist AS assist WHERE assist.assist_production_id = production_uuid) AS likeTotal FROM tbl_production AS production LEFT JOIN tbl_user AS users ON production.production_user_email = users.user_email WHERE users.user_email = ? ORDER BY production.gmt_create DESC LIMIT ?,?;
2020-12-29 23:02:55.926 DEBUG 67680 --- [main] c.i.c.m.ProductionMapper.getUserPage     : ==> Parameters: 1945489676@qq.com(String), 1(Integer), 5(Integer)
2020-12-29 23:02:55.976 DEBUG 67680 --- [main] c.i.c.m.ProductionMapper.getUserPage     : <==      Total: 5
2020-12-29 23:03:39.259  INFO 67685 --- [main] com.inet.InetApplicationTests            : Starting InetApplicationTests using Java 15.0.1 on huchengyedeMBP.lan with PID 67685 (started by huchengye in /Volumes/1/JAVA/spring-boot-inet-scratch-intact)
2020-12-29 23:03:39.264 DEBUG 67685 --- [main] com.inet.InetApplicationTests            : Running with Spring Boot v2.4.0, Spring v5.3.1
2020-12-29 23:03:39.267  INFO 67685 --- [main] com.inet.InetApplicationTests            : No active profile set, falling back to default profiles: default
2020-12-29 23:03:46.314  WARN 67685 --- [main] d.s.r.o.OperationImplicitParameterReader : Unable to interpret the implicit parameter configuration with dataType: String, dataTypeClass: class java.lang.Void
2020-12-29 23:03:46.356  WARN 67685 --- [main] d.s.r.o.OperationImplicitParameterReader : Unable to interpret the implicit parameter configuration with dataType: String, dataTypeClass: class java.lang.Void
2020-12-29 23:03:46.375  WARN 67685 --- [main] d.s.r.o.OperationImplicitParameterReader : Unable to interpret the implicit parameter configuration with dataType: String, dataTypeClass: class java.lang.Void
2020-12-29 23:03:46.383  WARN 67685 --- [main] d.s.r.o.OperationImplicitParameterReader : Unable to interpret the implicit parameter configuration with dataType: String, dataTypeClass: class java.lang.Void
2020-12-29 23:03:46.384  WARN 67685 --- [main] d.s.r.o.OperationImplicitParameterReader : Unable to interpret the implicit parameter configuration with dataType: String, dataTypeClass: class java.lang.Void
2020-12-29 23:03:46.393  WARN 67685 --- [main] d.s.r.o.OperationImplicitParameterReader : Unable to interpret the implicit parameter configuration with dataType: Integer, dataTypeClass: class java.lang.Void
2020-12-29 23:03:46.393  WARN 67685 --- [main] d.s.r.o.OperationImplicitParameterReader : Unable to interpret the implicit parameter configuration with dataType: Boolean, dataTypeClass: class java.lang.Void
2020-12-29 23:03:46.394  WARN 67685 --- [main] d.s.r.o.OperationImplicitParameterReader : Unable to interpret the implicit parameter configuration with dataType: Integer, dataTypeClass: class java.lang.Void
2020-12-29 23:03:46.567  WARN 67685 --- [main] d.s.r.o.OperationImplicitParameterReader : Unable to interpret the implicit parameter configuration with dataType: String, dataTypeClass: class java.lang.Void
2020-12-29 23:03:46.743  WARN 67685 --- [main] d.s.r.o.OperationImplicitParameterReader : Unable to interpret the implicit parameter configuration with dataType: String, dataTypeClass: class java.lang.Void
2020-12-29 23:03:46.783  WARN 67685 --- [main] d.s.r.o.OperationImplicitParameterReader : Unable to interpret the implicit parameter configuration with dataType: String, dataTypeClass: class java.lang.Void
2020-12-29 23:03:46.797  WARN 67685 --- [main] d.s.r.o.OperationImplicitParameterReader : Unable to interpret the implicit parameter configuration with dataType: String, dataTypeClass: class java.lang.Void
2020-12-29 23:03:46.830  WARN 67685 --- [main] d.s.r.o.OperationImplicitParameterReader : Unable to interpret the implicit parameter configuration with dataType: String, dataTypeClass: class java.lang.Void
2020-12-29 23:03:46.988  INFO 67685 --- [main] com.inet.InetApplicationTests            : Started InetApplicationTests in 8.616 seconds (JVM running for 11.3)
2020-12-29 23:03:48.647 DEBUG 67685 --- [main] c.i.c.m.ProductionMapper.getUserPage     : ==>  Preparing: SELECT production.production_uuid AS productionUuid, production.production_cover AS productionCover, production.production_url AS productionUrl, production.production_name AS productionName, (SELECT COUNT(*) FROM tbl_assist AS assist WHERE assist.assist_production_id = production_uuid) AS likeTotal FROM tbl_production AS production LEFT JOIN tbl_user AS users ON production.production_user_email = users.user_email WHERE users.user_email = ? AND production.production_issue = 0 ORDER BY production.gmt_create DESC LIMIT ?,?;
2020-12-29 23:03:48.712 DEBUG 67685 --- [main] c.i.c.m.ProductionMapper.getUserPage     : ==> Parameters: 1945489676@qq.com(String), 1(Integer), 5(Integer)
2020-12-29 23:03:48.791 DEBUG 67685 --- [main] c.i.c.m.ProductionMapper.getUserPage     : <==      Total: 5
2020-12-29 23:23:05.613  INFO 67920 --- [main] com.inet.InetApplicationTests            : Starting InetApplicationTests using Java 15.0.1 on localhost with PID 67920 (started by huchengye in /Volumes/1/JAVA/spring-boot-inet-scratch-intact)
2020-12-29 23:23:05.619 DEBUG 67920 --- [main] com.inet.InetApplicationTests            : Running with Spring Boot v2.4.0, Spring v5.3.1
2020-12-29 23:23:05.623  INFO 67920 --- [main] com.inet.InetApplicationTests            : No active profile set, falling back to default profiles: default
2020-12-29 23:23:19.151  WARN 67920 --- [main] d.s.r.o.OperationImplicitParameterReader : Unable to interpret the implicit parameter configuration with dataType: String, dataTypeClass: class java.lang.Void
2020-12-29 23:23:19.202  WARN 67920 --- [main] d.s.r.o.OperationImplicitParameterReader : Unable to interpret the implicit parameter configuration with dataType: String, dataTypeClass: class java.lang.Void
2020-12-29 23:23:19.223  WARN 67920 --- [main] d.s.r.o.OperationImplicitParameterReader : Unable to interpret the implicit parameter configuration with dataType: String, dataTypeClass: class java.lang.Void
2020-12-29 23:23:19.231  WARN 67920 --- [main] d.s.r.o.OperationImplicitParameterReader : Unable to interpret the implicit parameter configuration with dataType: String, dataTypeClass: class java.lang.Void
2020-12-29 23:23:19.232  WARN 67920 --- [main] d.s.r.o.OperationImplicitParameterReader : Unable to interpret the implicit parameter configuration with dataType: String, dataTypeClass: class java.lang.Void
2020-12-29 23:23:19.241  WARN 67920 --- [main] d.s.r.o.OperationImplicitParameterReader : Unable to interpret the implicit parameter configuration with dataType: Integer, dataTypeClass: class java.lang.Void
2020-12-29 23:23:19.242  WARN 67920 --- [main] d.s.r.o.OperationImplicitParameterReader : Unable to interpret the implicit parameter configuration with dataType: Boolean, dataTypeClass: class java.lang.Void
2020-12-29 23:23:19.243  WARN 67920 --- [main] d.s.r.o.OperationImplicitParameterReader : Unable to interpret the implicit parameter configuration with dataType: Integer, dataTypeClass: class java.lang.Void
2020-12-29 23:23:19.487  WARN 67920 --- [main] d.s.r.o.OperationImplicitParameterReader : Unable to interpret the implicit parameter configuration with dataType: String, dataTypeClass: class java.lang.Void
2020-12-29 23:23:19.760  WARN 67920 --- [main] d.s.r.o.OperationImplicitParameterReader : Unable to interpret the implicit parameter configuration with dataType: String, dataTypeClass: class java.lang.Void
2020-12-29 23:23:19.769  WARN 67920 --- [main] d.s.r.o.OperationImplicitParameterReader : Unable to interpret the implicit parameter configuration with dataType: String, dataTypeClass: class java.lang.Void
2020-12-29 23:23:19.776  WARN 67920 --- [main] d.s.r.o.OperationImplicitParameterReader : Unable to interpret the implicit parameter configuration with dataType: String, dataTypeClass: class java.lang.Void
2020-12-29 23:23:19.803  WARN 67920 --- [main] d.s.r.o.OperationImplicitParameterReader : Unable to interpret the implicit parameter configuration with dataType: String, dataTypeClass: class java.lang.Void
2020-12-29 23:23:19.958  INFO 67920 --- [main] com.inet.InetApplicationTests            : Started InetApplicationTests in 15.44 seconds (JVM running for 19.796)
2020-12-29 23:23:21.860 DEBUG 67920 --- [main] c.i.c.m.ProductionMapper.getUserPage     : ==>  Preparing: SELECT COUNT(1) FROM tbl_production AS production LEFT JOIN tbl_user AS users ON production.production_user_email = users.user_email WHERE users.user_email = ? AND production.production_issue = 0
2020-12-29 23:23:21.908 DEBUG 67920 --- [main] c.i.c.m.ProductionMapper.getUserPage     : ==> Parameters: 1945489676@qq.com(String)
2020-12-29 23:23:22.008 DEBUG 67920 --- [main] c.i.c.m.ProductionMapper.getUserPage     : ==>  Preparing: SELECT production.production_uuid AS productionUuid, production.production_cover AS productionCover, production.production_url AS productionUrl, production.production_name AS productionName, (SELECT COUNT(*) FROM tbl_assist AS assist WHERE assist.assist_production_id = production_uuid) AS likeTotal FROM tbl_production AS production LEFT JOIN tbl_user AS users ON production.production_user_email = users.user_email WHERE users.user_email = ? AND production.production_issue = 0 ORDER BY production.gmt_create DESC; LIMIT ?,?
2020-12-29 23:23:22.010 DEBUG 67920 --- [main] c.i.c.m.ProductionMapper.getUserPage     : ==> Parameters: 1945489676@qq.com(String), 0(Long), 5(Long)
2020-12-29 23:25:27.933  INFO 67957 --- [main] com.inet.InetApplicationTests            : Starting InetApplicationTests using Java 15.0.1 on localhost with PID 67957 (started by huchengye in /Volumes/1/JAVA/spring-boot-inet-scratch-intact)
2020-12-29 23:25:27.936 DEBUG 67957 --- [main] com.inet.InetApplicationTests            : Running with Spring Boot v2.4.0, Spring v5.3.1
2020-12-29 23:25:27.938  INFO 67957 --- [main] com.inet.InetApplicationTests            : No active profile set, falling back to default profiles: default
2020-12-29 23:25:35.557  WARN 67957 --- [main] d.s.r.o.OperationImplicitParameterReader : Unable to interpret the implicit parameter configuration with dataType: String, dataTypeClass: class java.lang.Void
2020-12-29 23:25:35.613  WARN 67957 --- [main] d.s.r.o.OperationImplicitParameterReader : Unable to interpret the implicit parameter configuration with dataType: String, dataTypeClass: class java.lang.Void
2020-12-29 23:25:35.639  WARN 67957 --- [main] d.s.r.o.OperationImplicitParameterReader : Unable to interpret the implicit parameter configuration with dataType: String, dataTypeClass: class java.lang.Void
2020-12-29 23:25:35.649  WARN 67957 --- [main] d.s.r.o.OperationImplicitParameterReader : Unable to interpret the implicit parameter configuration with dataType: String, dataTypeClass: class java.lang.Void
2020-12-29 23:25:35.650  WARN 67957 --- [main] d.s.r.o.OperationImplicitParameterReader : Unable to interpret the implicit parameter configuration with dataType: String, dataTypeClass: class java.lang.Void
2020-12-29 23:25:35.663  WARN 67957 --- [main] d.s.r.o.OperationImplicitParameterReader : Unable to interpret the implicit parameter configuration with dataType: Integer, dataTypeClass: class java.lang.Void
2020-12-29 23:25:35.665  WARN 67957 --- [main] d.s.r.o.OperationImplicitParameterReader : Unable to interpret the implicit parameter configuration with dataType: Boolean, dataTypeClass: class java.lang.Void
2020-12-29 23:25:35.666  WARN 67957 --- [main] d.s.r.o.OperationImplicitParameterReader : Unable to interpret the implicit parameter configuration with dataType: Integer, dataTypeClass: class java.lang.Void
2020-12-29 23:25:35.895  WARN 67957 --- [main] d.s.r.o.OperationImplicitParameterReader : Unable to interpret the implicit parameter configuration with dataType: String, dataTypeClass: class java.lang.Void
2020-12-29 23:25:36.036  WARN 67957 --- [main] d.s.r.o.OperationImplicitParameterReader : Unable to interpret the implicit parameter configuration with dataType: String, dataTypeClass: class java.lang.Void
2020-12-29 23:25:36.042  WARN 67957 --- [main] d.s.r.o.OperationImplicitParameterReader : Unable to interpret the implicit parameter configuration with dataType: String, dataTypeClass: class java.lang.Void
2020-12-29 23:25:36.047  WARN 67957 --- [main] d.s.r.o.OperationImplicitParameterReader : Unable to interpret the implicit parameter configuration with dataType: String, dataTypeClass: class java.lang.Void
2020-12-29 23:25:36.072  WARN 67957 --- [main] d.s.r.o.OperationImplicitParameterReader : Unable to interpret the implicit parameter configuration with dataType: String, dataTypeClass: class java.lang.Void
2020-12-29 23:25:36.229  INFO 67957 --- [main] com.inet.InetApplicationTests            : Started InetApplicationTests in 9.124 seconds (JVM running for 11.595)
2020-12-29 23:25:38.050 DEBUG 67957 --- [main] c.i.c.m.ProductionMapper.getUserPage     : ==>  Preparing: SELECT COUNT(1) FROM tbl_production AS production LEFT JOIN tbl_user AS users ON production.production_user_email = users.user_email WHERE users.user_email = ? AND production.production_issue = 0
2020-12-29 23:25:38.094 DEBUG 67957 --- [main] c.i.c.m.ProductionMapper.getUserPage     : ==> Parameters: 1945489676@qq.com(String)
2020-12-29 23:25:38.185 DEBUG 67957 --- [main] c.i.c.m.ProductionMapper.getUserPage     : ==>  Preparing: SELECT production.production_uuid AS productionUuid, production.production_cover AS productionCover, production.production_url AS productionUrl, production.production_name AS productionName, (SELECT COUNT(*) FROM tbl_assist AS assist WHERE assist.assist_production_id = production_uuid) AS likeTotal FROM tbl_production AS production LEFT JOIN tbl_user AS users ON production.production_user_email = users.user_email WHERE users.user_email = ? AND production.production_issue = 0 ORDER BY production.gmt_create DESC LIMIT ?,?
2020-12-29 23:25:38.187 DEBUG 67957 --- [main] c.i.c.m.ProductionMapper.getUserPage     : ==> Parameters: 1945489676@qq.com(String), 0(Long), 5(Long)
2020-12-29 23:25:38.277 DEBUG 67957 --- [main] c.i.c.m.ProductionMapper.getUserPage     : <==      Total: 5
2020-12-29 23:27:04.337  INFO 67963 --- [main] com.inet.InetApplicationTests            : Starting InetApplicationTests using Java 15.0.1 on localhost with PID 67963 (started by huchengye in /Volumes/1/JAVA/spring-boot-inet-scratch-intact)
2020-12-29 23:27:04.340 DEBUG 67963 --- [main] com.inet.InetApplicationTests            : Running with Spring Boot v2.4.0, Spring v5.3.1
2020-12-29 23:27:04.345  INFO 67963 --- [main] com.inet.InetApplicationTests            : No active profile set, falling back to default profiles: default
2020-12-29 23:27:14.185  WARN 67963 --- [main] d.s.r.o.OperationImplicitParameterReader : Unable to interpret the implicit parameter configuration with dataType: String, dataTypeClass: class java.lang.Void
2020-12-29 23:27:14.242  WARN 67963 --- [main] d.s.r.o.OperationImplicitParameterReader : Unable to interpret the implicit parameter configuration with dataType: String, dataTypeClass: class java.lang.Void
2020-12-29 23:27:14.265  WARN 67963 --- [main] d.s.r.o.OperationImplicitParameterReader : Unable to interpret the implicit parameter configuration with dataType: String, dataTypeClass: class java.lang.Void
2020-12-29 23:27:14.272  WARN 67963 --- [main] d.s.r.o.OperationImplicitParameterReader : Unable to interpret the implicit parameter configuration with dataType: String, dataTypeClass: class java.lang.Void
2020-12-29 23:27:14.273  WARN 67963 --- [main] d.s.r.o.OperationImplicitParameterReader : Unable to interpret the implicit parameter configuration with dataType: String, dataTypeClass: class java.lang.Void
2020-12-29 23:27:14.281  WARN 67963 --- [main] d.s.r.o.OperationImplicitParameterReader : Unable to interpret the implicit parameter configuration with dataType: Integer, dataTypeClass: class java.lang.Void
2020-12-29 23:27:14.282  WARN 67963 --- [main] d.s.r.o.OperationImplicitParameterReader : Unable to interpret the implicit parameter configuration with dataType: Boolean, dataTypeClass: class java.lang.Void
2020-12-29 23:27:14.283  WARN 67963 --- [main] d.s.r.o.OperationImplicitParameterReader : Unable to interpret the implicit parameter configuration with dataType: Integer, dataTypeClass: class java.lang.Void
2020-12-29 23:27:14.452  WARN 67963 --- [main] d.s.r.o.OperationImplicitParameterReader : Unable to interpret the implicit parameter configuration with dataType: String, dataTypeClass: class java.lang.Void
2020-12-29 23:27:14.627  WARN 67963 --- [main] d.s.r.o.OperationImplicitParameterReader : Unable to interpret the implicit parameter configuration with dataType: String, dataTypeClass: class java.lang.Void
2020-12-29 23:27:14.635  WARN 67963 --- [main] d.s.r.o.OperationImplicitParameterReader : Unable to interpret the implicit parameter configuration with dataType: String, dataTypeClass: class java.lang.Void
2020-12-29 23:27:14.642  WARN 67963 --- [main] d.s.r.o.OperationImplicitParameterReader : Unable to interpret the implicit parameter configuration with dataType: String, dataTypeClass: class java.lang.Void
2020-12-29 23:27:14.673  WARN 67963 --- [main] d.s.r.o.OperationImplicitParameterReader : Unable to interpret the implicit parameter configuration with dataType: String, dataTypeClass: class java.lang.Void
2020-12-29 23:27:14.811  INFO 67963 --- [main] com.inet.InetApplicationTests            : Started InetApplicationTests in 11.7 seconds (JVM running for 15.146)
2020-12-29 23:27:16.921 DEBUG 67963 --- [main] c.i.c.m.ProductionMapper.getUserPage     : ==>  Preparing: SELECT COUNT(1) FROM tbl_production AS production LEFT JOIN tbl_user AS users ON production.production_user_email = users.user_email WHERE users.user_email = ? AND production.production_issue = 0
2020-12-29 23:27:16.966 DEBUG 67963 --- [main] c.i.c.m.ProductionMapper.getUserPage     : ==> Parameters: 1945489676@qq.com(String)
2020-12-29 23:27:17.059 DEBUG 67963 --- [main] c.i.c.m.ProductionMapper.getUserPage     : ==>  Preparing: SELECT production.production_uuid AS productionUuid, production.production_cover AS productionCover, production.production_url AS productionUrl, production.production_name AS productionName, (SELECT COUNT(*) FROM tbl_assist AS assist WHERE assist.assist_production_id = production_uuid) AS likeTotal FROM tbl_production AS production LEFT JOIN tbl_user AS users ON production.production_user_email = users.user_email WHERE users.user_email = ? AND production.production_issue = 0 ORDER BY production.gmt_create DESC LIMIT ?,?
2020-12-29 23:27:17.060 DEBUG 67963 --- [main] c.i.c.m.ProductionMapper.getUserPage     : ==> Parameters: 1945489676@qq.com(String), 0(Long), 5(Long)
2020-12-29 23:27:17.122 DEBUG 67963 --- [main] c.i.c.m.ProductionMapper.getUserPage     : <==      Total: 5
